<?xml version="1.0" encoding="UTF-8" ?>
<testsuite errors="0" failures="0" hostname="SHI58495EU1488D" name="com.newco.marketplace.business.businessImpl.provider.OrderGroupProviderEmailTest" skipped="0" tests="1" time="0.261" timestamp="2017-03-24T08:05:47">
  <properties>
[...]
</properties>
  <testcase classname="com.newco.marketplace.business.businessImpl.provider.OrderGroupProviderEmailTest" name="testShouldGenerateEmailText2" time="0.257" />
  <system-out><![CDATA[<table>
    <tr><td>1</td><td>123</td></tr>
    <tr><td>2</td><td>345</td></tr>
</table>
null
]]></system-out>
  <system-err><![CDATA[]]></system-err>
</testsuite>
