<?xml version="1.0" encoding="UTF-8" ?>
<testsuites>
  <testsuite errors="0" failures="0" hostname="SHI58495EU1488D" id="0" name="ValueLinkRequestBuilderTest" package="com.servicelive.wallet.serviceinterface.requestbuilder" skipped="0" tests="1" time="0.015" timestamp="2017-03-24T08:03:45">
      <properties>
[...]
</properties>

      <testcase classname="com.servicelive.wallet.serviceinterface.requestbuilder.ValueLinkRequestBuilderTest" name="testActivateBuyer" time="0.0060" />

      <system-out />

      <system-err />

  </testsuite>
</testsuites>
